<?xml version="1.0" encoding="UTF-8"?>
<!-- Generated by org.testng.reporters.JUnitReportReporter -->
<testsuite skipped="0" hostname="DESKTOP-QUCQS4E" name="com.crm.qa.testcases.HomePageTest" tests="3" failures="0" timestamp="2020-08-01T23:31:02 IST" time="68.246" errors="0">
  <testcase name="verifyHomePageTitleTest" time="24.923" classname="com.crm.qa.testcases.HomePageTest"/>
  <system-out/>
  <testcase name="verifyUserName" time="20.353" classname="com.crm.qa.testcases.HomePageTest"/>
  <system-out/>
  <testcase name="verifyContactsLinkTest" time="22.970" classname="com.crm.qa.testcases.HomePageTest"/>
  <system-out/>
</testsuite> <!-- com.crm.qa.testcases.HomePageTest -->
