<?xml version="1.0" encoding="UTF-8"?>
<!-- Generated by org.testng.reporters.JUnitReportReporter -->
<testsuite skipped="0" hostname="DESKTOP-QUCQS4E" name="com.crm.qa.testcases.LoginPageTest" tests="3" failures="0" timestamp="2020-08-01T23:31:02 IST" time="52.325" errors="0">
  <testcase name="loginPageTitleTest" time="12.636" classname="com.crm.qa.testcases.LoginPageTest"/>
  <system-out/>
  <testcase name="crmLogoImageTest" time="11.708" classname="com.crm.qa.testcases.LoginPageTest"/>
  <system-out/>
  <testcase name="loginTest" time="27.981" classname="com.crm.qa.testcases.LoginPageTest"/>
  <system-out/>
</testsuite> <!-- com.crm.qa.testcases.LoginPageTest -->
