<?xml version="1.0" encoding="UTF-8"?>
<!-- Generated by org.testng.reporters.JUnitReportReporter -->
<testsuite skipped="0" hostname="DESKTOP-QUCQS4E" name="com.crm.qa.testcases.ContactsPageTest" tests="7" failures="0" timestamp="2020-08-09T21:52:17 IST" time="180.332" errors="0">
  <testcase name="ValidatecreateNewContact" time="27.290" classname="com.crm.qa.testcases.ContactsPageTest"/>
  <system-out/>
  <testcase name="ValidatecreateNewContact" time="30.585" classname="com.crm.qa.testcases.ContactsPageTest"/>
  <system-out/>
  <testcase name="ValidatecreateNewContact" time="22.766" classname="com.crm.qa.testcases.ContactsPageTest"/>
  <system-out/>
  <testcase name="ValidatecreateNewContact" time="25.409" classname="com.crm.qa.testcases.ContactsPageTest"/>
  <system-out/>
  <testcase name="ValidatecreateNewContact" time="23.424" classname="com.crm.qa.testcases.ContactsPageTest"/>
  <system-out/>
  <testcase name="ValidatecreateNewContact" time="25.278" classname="com.crm.qa.testcases.ContactsPageTest"/>
  <system-out/>
  <testcase name="ValidatecreateNewContact" time="25.580" classname="com.crm.qa.testcases.ContactsPageTest"/>
  <system-out/>
</testsuite> <!-- com.crm.qa.testcases.ContactsPageTest -->
