<?xml version="1.0" encoding="UTF-8"?>
<!-- Generated by org.testng.reporters.JUnitReportReporter -->
<testsuite skipped="0" hostname="DESKTOP-U4VS8FJ" name="com.crm.qa.testcases.LoginPageTest" tests="1" failures="0" timestamp="2020-07-20T01:25:40 IST" time="13.814" errors="0">
  <testcase name="loginPageTitleTest" time="13.814" classname="com.crm.qa.testcases.LoginPageTest"/>
  <system-out/>
</testsuite> <!-- com.crm.qa.testcases.LoginPageTest -->
